Performing C++ SOURCE FILE Test SUPPORT_NEON_BUILD failed with the following output:
Change Dir: /workspaces/blender/build/CMakeFiles/CMakeTmp

Run Build Command(s):/usr/bin/make cmTC_51ba6/fast && /usr/bin/make -f CMakeFiles/cmTC_51ba6.dir/build.make CMakeFiles/cmTC_51ba6.dir/build
make[1]: Entering directory '/workspaces/blender/build/CMakeFiles/CMakeTmp'
Building CXX object CMakeFiles/cmTC_51ba6.dir/src.cxx.o
/usr/bin/clang++    -DSUPPORT_NEON_BUILD   -o CMakeFiles/cmTC_51ba6.dir/src.cxx.o -c /workspaces/blender/build/CMakeFiles/CMakeTmp/src.cxx
In file included from /workspaces/blender/build/CMakeFiles/CMakeTmp/src.cxx:1:
/usr/lib/llvm-10/lib/clang/10.0.0/include/arm_neon.h:28:2: error: "NEON support not enabled"
#error "NEON support not enabled"
 ^
/usr/lib/llvm-10/lib/clang/10.0.0/include/arm_neon.h:48:24: error: 'neon_vector_type' attribute is not supported for this target
typedef __attribute__((neon_vector_type(8))) int8_t int8x8_t;
                       ^
/usr/lib/llvm-10/lib/clang/10.0.0/include/arm_neon.h:49:24: error: 'neon_vector_type' attribute is not supported for this target
typedef __attribute__((neon_vector_type(16))) int8_t int8x16_t;
                       ^
/usr/lib/llvm-10/lib/clang/10.0.0/include/arm_neon.h:50:24: error: 'neon_vector_type' attribute is not supported for this target
typedef __attribute__((neon_vector_type(4))) int16_t int16x4_t;
                       ^
/usr/lib/llvm-10/lib/clang/10.0.0/include/arm_neon.h:51:24: error: 'neon_vector_type' attribute is not supported for this target
typedef __attribute__((neon_vector_type(8))) int16_t int16x8_t;
                       ^
/usr/lib/llvm-10/lib/clang/10.0.0/include/arm_neon.h:52:24: error: 'neon_vector_type' attribute is not supported for this target
typedef __attribute__((neon_vector_type(2))) int32_t int32x2_t;
                       ^
/usr/lib/llvm-10/lib/clang/10.0.0/include/arm_neon.h:53:24: error: 'neon_vector_type' attribute is not supported for this target
typedef __attribute__((neon_vector_type(4))) int32_t int32x4_t;
                       ^
/usr/lib/llvm-10/lib/clang/10.0.0/include/arm_neon.h:54:24: error: 'neon_vector_type' attribute is not supported for this target
typedef __attribute__((neon_vector_type(1))) int64_t int64x1_t;
                       ^
/usr/lib/llvm-10/lib/clang/10.0.0/include/arm_neon.h:55:24: error: 'neon_vector_type' attribute is not supported for this target
typedef __attribute__((neon_vector_type(2))) int64_t int64x2_t;
                       ^
/usr/lib/llvm-10/lib/clang/10.0.0/include/arm_neon.h:56:24: error: 'neon_vector_type' attribute is not supported for this target
typedef __attribute__((neon_vector_type(8))) uint8_t uint8x8_t;
                       ^
/usr/lib/llvm-10/lib/clang/10.0.0/include/arm_neon.h:57:24: error: 'neon_vector_type' attribute is not supported for this target
typedef __attribute__((neon_vector_type(16))) uint8_t uint8x16_t;
                       ^
/usr/lib/llvm-10/lib/clang/10.0.0/include/arm_neon.h:58:24: error: 'neon_vector_type' attribute is not supported for this target
typedef __attribute__((neon_vector_type(4))) uint16_t uint16x4_t;
                       ^
/usr/lib/llvm-10/lib/clang/10.0.0/include/arm_neon.h:59:24: error: 'neon_vector_type' attribute is not supported for this target
typedef __attribute__((neon_vector_type(8))) uint16_t uint16x8_t;
                       ^
/usr/lib/llvm-10/lib/clang/10.0.0/include/arm_neon.h:60:24: error: 'neon_vector_type' attribute is not supported for this target
typedef __attribute__((neon_vector_type(2))) uint32_t uint32x2_t;
                       ^
/usr/lib/llvm-10/lib/clang/10.0.0/include/arm_neon.h:61:24: error: 'neon_vector_type' attribute is not supported for this target
typedef __attribute__((neon_vector_type(4))) uint32_t uint32x4_t;
                       ^
/usr/lib/llvm-10/lib/clang/10.0.0/include/arm_neon.h:62:24: error: 'neon_vector_type' attribute is not supported for this target
typedef __attribute__((neon_vector_type(1))) uint64_t uint64x1_t;
                       ^
/usr/lib/llvm-10/lib/clang/10.0.0/include/arm_neon.h:63:24: error: 'neon_vector_type' attribute is not supported for this target
typedef __attribute__((neon_vector_type(2))) uint64_t uint64x2_t;
                       ^
/usr/lib/llvm-10/lib/clang/10.0.0/include/arm_neon.h:64:24: error: 'neon_vector_type' attribute is not supported for this target
typedef __attribute__((neon_vector_type(4))) float16_t float16x4_t;
                       ^
/usr/lib/llvm-10/lib/clang/10.0.0/include/arm_neon.h:65:24: error: 'neon_vector_type' attribute is not supported for this target
typedef __attribute__((neon_vector_type(8))) float16_t float16x8_t;
                       ^
fatal error: too many errors emitted, stopping now [-ferror-limit=]
20 errors generated.
make[1]: *** [CMakeFiles/cmTC_51ba6.dir/build.make:66: CMakeFiles/cmTC_51ba6.dir/src.cxx.o] Error 1
make[1]: Leaving directory '/workspaces/blender/build/CMakeFiles/CMakeTmp'
make: *** [Makefile:121: cmTC_51ba6/fast] Error 2


Source file was:
#include <arm_neon.h>
       int main() {return vaddvq_s32(vdupq_n_s32(1));}
